<?xml version="1.0" encoding="UTF-8"?>
<!-- Generated by org.testng.reporters.JUnitReportReporter -->
<testsuite hostname="DESKTOP-M188R0M" failures="0" tests="2" name="TestRunner1.TestRunner2" time="27.222" errors="0" timestamp="2022-12-26T00:42:41 EST" skipped="0">
  <testcase classname="TestRunner1.TestRunner2" name="feature" time="13.378"/>
  <system-out/>
  <testcase classname="TestRunner1.TestRunner2" name="feature" time="13.844"/>
  <system-out/>
</testsuite> <!-- TestRunner1.TestRunner2 -->
