<?xml version="1.0" encoding="UTF-8"?>
<!-- Generated by org.testng.reporters.JUnitReportReporter -->
<testsuite hostname="DESKTOP-M188R0M" failures="0" tests="1" name="com.cucumber.example.com.cucumber.example.TestrunnerClass" time="12.507" errors="0" timestamp="2022-12-13T00:24:11 EST" skipped="0">
  <testcase classname="com.cucumber.example.com.cucumber.example.TestrunnerClass" name="feature" time="12.507"/>
  <system-out/>
</testsuite> <!-- com.cucumber.example.com.cucumber.example.TestrunnerClass -->
