<?xml version="1.0" encoding="UTF-8"?>
<!-- Generated by org.testng.reporters.JUnitReportReporter -->
<testsuite hostname="DESKTOP-M188R0M" failures="0" tests="2" name="TestRunner1.TestRunner2" time="27.433" errors="0" timestamp="2022-12-26T00:58:10 EST" skipped="0">
  <testcase classname="TestRunner1.TestRunner2" name="feature" time="13.420"/>
  <system-out/>
  <testcase classname="TestRunner1.TestRunner2" name="feature" time="14.013"/>
  <system-out/>
</testsuite> <!-- TestRunner1.TestRunner2 -->
